<?xml version="1.0" encoding="UTF-8"?>
<!-- Generated by org.testng.reporters.JUnitXMLReporter -->
<testsuite hostname="Dell-PC" ignored="0" name="Default test" tests="3" failures="0" timestamp="13 Dec 2018 08:42:48 GMT" time="124.261" errors="0">
  <testcase name="CreateNewEmployee" time="16.964" classname="TestScenarios.CafeTownSendTestCases"/>
  <testcase name="UpdateEmployeeDetail" time="27.186" classname="TestScenarios.CafeTownSendTestCases"/>
  <testcase name="DeleteEmployee" time="45.8" classname="TestScenarios.CafeTownSendTestCases"/>
</testsuite> <!-- Default test -->
