<?xml version="1.0" encoding="UTF-8"?>
<!-- Generated by org.testng.reporters.JUnitXMLReporter -->
<testsuite hostname="Dell-PC" ignored="0" name="Default test" tests="3" failures="0" timestamp="13 Dec 2018 10:11:38 GMT" time="165.356" errors="0">
  <testcase name="CreateNewEmployee" time="28.704" classname="TestScenarios.CafeTownSendTestCases"/>
  <testcase name="UpdateEmployeeDetail" time="44.024" classname="TestScenarios.CafeTownSendTestCases"/>
  <testcase name="DeleteEmployee" time="52.303" classname="TestScenarios.CafeTownSendTestCases"/>
</testsuite> <!-- Default test -->
