<?xml version="1.0" encoding="UTF-8"?>
<testng-results skipped="0" failed="0" ignored="0" total="3" passed="3">
  <reporter-output>
    <line>
      <![CDATA[-----------Starting a new Chrome Browser Session-------------]]>
    </line>
    <line>
      <![CDATA[-----------Ended Chrome Browser Session-------------]]>
    </line>
    <line>
      <![CDATA[-----------Starting a new Chrome Browser Session-------------]]>
    </line>
    <line>
      <![CDATA[-----------Ended Chrome Browser Session-------------]]>
    </line>
    <line>
      <![CDATA[-----------Starting a new Chrome Browser Session-------------]]>
    </line>
    <line>
      <![CDATA[-----------Ended Chrome Browser Session-------------]]>
    </line>
  </reporter-output>
  <suite name="Default suite" duration-ms="165356" started-at="2018-12-13T10:08:53Z" finished-at="2018-12-13T10:11:38Z">
    <groups>
    </groups>
    <test name="Default test" duration-ms="165356" started-at="2018-12-13T10:08:53Z" finished-at="2018-12-13T10:11:38Z">
      <class name="TestScenarios.CafeTownSendTestCases">
        <test-method status="PASS" signature="readProperty()[pri:0, instance:TestScenarios.CafeTownSendTestCases@598067a5]" name="readProperty" is-config="true" duration-ms="19" started-at="2018-12-13T10:08:53Z" finished-at="2018-12-13T10:08:53Z">
          <reporter-output>
          </reporter-output>
        </test-method> <!-- readProperty -->
        <test-method status="PASS" signature="OpenApplication()[pri:0, instance:TestScenarios.CafeTownSendTestCases@598067a5]" name="OpenApplication" is-config="true" duration-ms="12075" started-at="2018-12-13T10:08:53Z" finished-at="2018-12-13T10:09:05Z">
          <reporter-output>
            <line>
              <![CDATA[-----------Starting a new Chrome Browser Session-------------]]>
            </line>
          </reporter-output>
        </test-method> <!-- OpenApplication -->
        <test-method status="PASS" signature="CreateNewEmployee(java.lang.String, java.lang.String, java.lang.String, java.lang.String)[pri:0, instance:TestScenarios.CafeTownSendTestCases@598067a5]" name="CreateNewEmployee" duration-ms="28704" started-at="2018-12-13T10:09:05Z" data-provider="CreateEmployee" finished-at="2018-12-13T10:09:34Z">
          <params>
            <param index="0">
              <value>
                <![CDATA[Lee]]>
              </value>
            </param>
            <param index="1">
              <value>
                <![CDATA[Test]]>
              </value>
            </param>
            <param index="2">
              <value>
                <![CDATA[2018-12-05]]>
              </value>
            </param>
            <param index="3">
              <value>
                <![CDATA[Server.Test@Test.com]]>
              </value>
            </param>
          </params>
          <reporter-output>
          </reporter-output>
        </test-method> <!-- CreateNewEmployee -->
        <test-method status="PASS" signature="tearDown()[pri:0, instance:TestScenarios.CafeTownSendTestCases@598067a5]" name="tearDown" is-config="true" duration-ms="1061" started-at="2018-12-13T10:09:34Z" finished-at="2018-12-13T10:09:35Z">
          <reporter-output>
            <line>
              <![CDATA[-----------Ended Chrome Browser Session-------------]]>
            </line>
          </reporter-output>
        </test-method> <!-- tearDown -->
        <test-method status="PASS" signature="OpenApplication()[pri:0, instance:TestScenarios.CafeTownSendTestCases@598067a5]" name="OpenApplication" is-config="true" duration-ms="10550" started-at="2018-12-13T10:09:35Z" finished-at="2018-12-13T10:09:46Z">
          <reporter-output>
            <line>
              <![CDATA[-----------Starting a new Chrome Browser Session-------------]]>
            </line>
          </reporter-output>
        </test-method> <!-- OpenApplication -->
        <test-method status="PASS" signature="UpdateEmployeeDetail(java.lang.String, java.lang.String, java.lang.String, java.lang.String)[pri:1, instance:TestScenarios.CafeTownSendTestCases@598067a5]" name="UpdateEmployeeDetail" duration-ms="44024" started-at="2018-12-13T10:09:46Z" data-provider="CreateEmployee" finished-at="2018-12-13T10:10:30Z">
          <params>
            <param index="0">
              <value>
                <![CDATA[Lee]]>
              </value>
            </param>
            <param index="1">
              <value>
                <![CDATA[Test]]>
              </value>
            </param>
            <param index="2">
              <value>
                <![CDATA[2018-12-05]]>
              </value>
            </param>
            <param index="3">
              <value>
                <![CDATA[Server.Test@Test.com]]>
              </value>
            </param>
          </params>
          <reporter-output>
          </reporter-output>
        </test-method> <!-- UpdateEmployeeDetail -->
        <test-method status="PASS" signature="tearDown()[pri:0, instance:TestScenarios.CafeTownSendTestCases@598067a5]" name="tearDown" is-config="true" duration-ms="896" started-at="2018-12-13T10:10:30Z" finished-at="2018-12-13T10:10:31Z">
          <reporter-output>
            <line>
              <![CDATA[-----------Ended Chrome Browser Session-------------]]>
            </line>
          </reporter-output>
        </test-method> <!-- tearDown -->
        <test-method status="PASS" signature="OpenApplication()[pri:0, instance:TestScenarios.CafeTownSendTestCases@598067a5]" name="OpenApplication" is-config="true" duration-ms="13663" started-at="2018-12-13T10:10:31Z" finished-at="2018-12-13T10:10:45Z">
          <reporter-output>
            <line>
              <![CDATA[-----------Starting a new Chrome Browser Session-------------]]>
            </line>
          </reporter-output>
        </test-method> <!-- OpenApplication -->
        <test-method status="PASS" signature="DeleteEmployee(java.lang.String, java.lang.String, java.lang.String, java.lang.String)[pri:2, instance:TestScenarios.CafeTownSendTestCases@598067a5]" name="DeleteEmployee" duration-ms="52303" started-at="2018-12-13T10:10:45Z" data-provider="CreateEmployee" finished-at="2018-12-13T10:11:37Z">
          <params>
            <param index="0">
              <value>
                <![CDATA[Lee]]>
              </value>
            </param>
            <param index="1">
              <value>
                <![CDATA[Test]]>
              </value>
            </param>
            <param index="2">
              <value>
                <![CDATA[2018-12-05]]>
              </value>
            </param>
            <param index="3">
              <value>
                <![CDATA[Server.Test@Test.com]]>
              </value>
            </param>
          </params>
          <reporter-output>
          </reporter-output>
        </test-method> <!-- DeleteEmployee -->
        <test-method status="PASS" signature="tearDown()[pri:0, instance:TestScenarios.CafeTownSendTestCases@598067a5]" name="tearDown" is-config="true" duration-ms="1009" started-at="2018-12-13T10:11:37Z" finished-at="2018-12-13T10:11:38Z">
          <reporter-output>
            <line>
              <![CDATA[-----------Ended Chrome Browser Session-------------]]>
            </line>
          </reporter-output>
        </test-method> <!-- tearDown -->
      </class> <!-- TestScenarios.CafeTownSendTestCases -->
    </test> <!-- Default test -->
  </suite> <!-- Default suite -->
</testng-results>
